[debug] [2019-01-18T14:18:24.453Z] ----------------------------------------------------------------------
[debug] [2019-01-18T14:18:24.456Z] Command:       /usr/local/bin/node /usr/local/bin/firebase deploy
[debug] [2019-01-18T14:18:24.456Z] CLI Version:   6.1.2
[debug] [2019-01-18T14:18:24.456Z] Platform:      darwin
[debug] [2019-01-18T14:18:24.456Z] Node Version:  v6.11.0
[debug] [2019-01-18T14:18:24.457Z] Time:          Fri Jan 18 2019 15:18:24 GMT+0100 (CET)
[debug] [2019-01-18T14:18:24.457Z] ----------------------------------------------------------------------
[debug] 
[debug] [2019-01-18T14:18:24.475Z] > command requires scopes: ["email","openid","https://www.googleapis.com/auth/cloudplatformprojects.readonly","https://www.googleapis.com/auth/firebase","https://www.googleapis.com/auth/cloud-platform"]
[debug] [2019-01-18T14:18:24.475Z] > authorizing via signed-in user
[debug] [2019-01-18T14:18:24.476Z] [iam] checking project iconica-site for permissions ["firebase.projects.get","firebasehosting.sites.update"]
[debug] [2019-01-18T14:18:24.478Z] >>> HTTP REQUEST POST https://cloudresourcemanager.googleapis.com/v1/projects/iconica-site:testIamPermissions  

[debug] [2019-01-18T14:18:25.305Z] <<< HTTP RESPONSE 200
[debug] [2019-01-18T14:18:25.307Z] >>> HTTP REQUEST GET https://firebase.googleapis.com/v1beta1/projects/iconica-site  
 
[debug] [2019-01-18T14:18:25.504Z] <<< HTTP RESPONSE 200
[info] 
[info] === Deploying to 'iconica-site'...
[info] 
[info] i  deploying hosting
[debug] [2019-01-18T14:18:25.511Z] >>> HTTP REQUEST POST https://firebasehosting.googleapis.com/v1beta1/sites/iconica-site/versions  

[debug] [2019-01-18T14:18:26.836Z] <<< HTTP RESPONSE 200
[info] i  hosting[iconica-site]: beginning deploy...
[info] i  hosting[iconica-site]: found 946 files in public
[debug] [2019-01-18T14:18:27.156Z] [hosting] hash cache [cHVibGlj] load error: lines is not defined
